<?xml version="1.0" encoding="UTF-8"?>
<coverage generated="1637511512212" clover="3.2.0">
  <project timestamp="1637511512212" name="All files">
    <metrics statements="32" coveredstatements="32" conditionals="28" coveredconditionals="25" methods="4" coveredmethods="4" elements="64" coveredelements="61" complexity="0" loc="32" ncloc="32" packages="1" files="2" classes="2"/>
    <file name="atbash.js" path="C:\IT\Node.js-2021Q4\ciphers\atbash.js">
      <metrics statements="12" coveredstatements="12" conditionals="8" coveredconditionals="8" methods="2" coveredmethods="2"/>
      <line num="2" count="3" type="stmt"/>
      <line num="3" count="3" type="stmt"/>
      <line num="5" count="47" type="stmt"/>
      <line num="6" count="47" type="cond" truecount="4" falsecount="0"/>
      <line num="8" count="5" type="stmt"/>
      <line num="9" count="5" type="stmt"/>
      <line num="10" count="42" type="cond" truecount="4" falsecount="0"/>
      <line num="12" count="31" type="stmt"/>
      <line num="13" count="31" type="stmt"/>
      <line num="16" count="11" type="stmt"/>
      <line num="18" count="3" type="stmt"/>
      <line num="21" count="1" type="stmt"/>
    </file>
    <file name="caesar.js" path="C:\IT\Node.js-2021Q4\ciphers\caesar.js">
      <metrics statements="20" coveredstatements="20" conditionals="20" coveredconditionals="17" methods="2" coveredmethods="2"/>
      <line num="2" count="4" type="stmt"/>
      <line num="3" count="4" type="stmt"/>
      <line num="5" count="88" type="stmt"/>
      <line num="6" count="88" type="cond" truecount="4" falsecount="0"/>
      <line num="8" count="7" type="cond" truecount="2" falsecount="0"/>
      <line num="9" count="5" type="stmt"/>
      <line num="10" count="5" type="cond" truecount="1" falsecount="1"/>
      <line num="12" count="2" type="stmt"/>
      <line num="13" count="2" type="cond" truecount="1" falsecount="1"/>
      <line num="15" count="7" type="stmt"/>
      <line num="16" count="81" type="cond" truecount="4" falsecount="0"/>
      <line num="18" count="59" type="cond" truecount="2" falsecount="0"/>
      <line num="19" count="28" type="stmt"/>
      <line num="20" count="28" type="cond" truecount="1" falsecount="1"/>
      <line num="22" count="31" type="stmt"/>
      <line num="23" count="31" type="cond" truecount="2" falsecount="0"/>
      <line num="25" count="59" type="stmt"/>
      <line num="28" count="22" type="stmt"/>
      <line num="30" count="4" type="stmt"/>
      <line num="33" count="1" type="stmt"/>
    </file>
  </project>
</coverage>
