{"C:\\IT\\Node.js-2021Q4\\ciphers\\atbash.js": {"path":"C:\\IT\\Node.js-2021Q4\\ciphers\\atbash.js","statementMap":{"0":{"start":{"line":2,"column":17},"end":{"line":2,"column":30}},"1":{"start":{"line":3,"column":17},"end":{"line":17,"column":4}},"2":{"start":{"line":5,"column":21},"end":{"line":5,"column":38}},"3":{"start":{"line":6,"column":4},"end":{"line":14,"column":5}},"4":{"start":{"line":8,"column":6},"end":{"line":8,"column":41}},"5":{"start":{"line":9,"column":6},"end":{"line":9,"column":45}},"6":{"start":{"line":10,"column":11},"end":{"line":14,"column":5}},"7":{"start":{"line":12,"column":6},"end":{"line":12,"column":42}},"8":{"start":{"line":13,"column":6},"end":{"line":13,"column":45}},"9":{"start":{"line":16,"column":4},"end":{"line":16,"column":15}},"10":{"start":{"line":18,"column":2},"end":{"line":18,"column":25}},"11":{"start":{"line":21,"column":0},"end":{"line":21,"column":30}}},"fnMap":{"0":{"name":"atbashCipher","decl":{"start":{"line":1,"column":9},"end":{"line":1,"column":21}},"loc":{"start":{"line":1,"column":26},"end":{"line":19,"column":1}},"line":1},"1":{"name":"(anonymous_1)","decl":{"start":{"line":3,"column":28},"end":{"line":3,"column":29}},"loc":{"start":{"line":3,"column":38},"end":{"line":17,"column":3}},"line":3}},"branchMap":{"0":{"loc":{"start":{"line":6,"column":4},"end":{"line":14,"column":5}},"type":"if","locations":[{"start":{"line":6,"column":4},"end":{"line":14,"column":5}},{"start":{"line":10,"column":11},"end":{"line":14,"column":5}}],"line":6},"1":{"loc":{"start":{"line":6,"column":7},"end":{"line":6,"column":38}},"type":"binary-expr","locations":[{"start":{"line":6,"column":7},"end":{"line":6,"column":20}},{"start":{"line":6,"column":24},"end":{"line":6,"column":38}}],"line":6},"2":{"loc":{"start":{"line":10,"column":11},"end":{"line":14,"column":5}},"type":"if","locations":[{"start":{"line":10,"column":11},"end":{"line":14,"column":5}},{"start":{},"end":{}}],"line":10},"3":{"loc":{"start":{"line":10,"column":14},"end":{"line":10,"column":46}},"type":"binary-expr","locations":[{"start":{"line":10,"column":14},"end":{"line":10,"column":27}},{"start":{"line":10,"column":31},"end":{"line":10,"column":46}}],"line":10}},"s":{"0":3,"1":3,"2":47,"3":47,"4":5,"5":5,"6":42,"7":31,"8":31,"9":11,"10":3,"11":1},"f":{"0":3,"1":47},"b":{"0":[5,42],"1":[47,37],"2":[31,11],"3":[42,31]},"_coverageSchema":"1a1c01bbd47fc00a2c39e90264f33305004495a9","hash":"27bf11659e3c32b9c2a97dd75eb62d5ef1a11512"}
,"C:\\IT\\Node.js-2021Q4\\ciphers\\caesar.js": {"path":"C:\\IT\\Node.js-2021Q4\\ciphers\\caesar.js","statementMap":{"0":{"start":{"line":2,"column":17},"end":{"line":2,"column":30}},"1":{"start":{"line":3,"column":17},"end":{"line":29,"column":4}},"2":{"start":{"line":5,"column":21},"end":{"line":5,"column":38}},"3":{"start":{"line":6,"column":4},"end":{"line":26,"column":5}},"4":{"start":{"line":8,"column":6},"end":{"line":14,"column":7}},"5":{"start":{"line":9,"column":8},"end":{"line":9,"column":42}},"6":{"start":{"line":10,"column":8},"end":{"line":10,"column":72}},"7":{"start":{"line":12,"column":8},"end":{"line":12,"column":40}},"8":{"start":{"line":13,"column":8},"end":{"line":13,"column":72}},"9":{"start":{"line":15,"column":6},"end":{"line":15,"column":45}},"10":{"start":{"line":16,"column":11},"end":{"line":26,"column":5}},"11":{"start":{"line":18,"column":6},"end":{"line":24,"column":7}},"12":{"start":{"line":19,"column":8},"end":{"line":19,"column":40}},"13":{"start":{"line":20,"column":8},"end":{"line":20,"column":73}},"14":{"start":{"line":22,"column":8},"end":{"line":22,"column":40}},"15":{"start":{"line":23,"column":8},"end":{"line":23,"column":72}},"16":{"start":{"line":25,"column":6},"end":{"line":25,"column":45}},"17":{"start":{"line":28,"column":4},"end":{"line":28,"column":15}},"18":{"start":{"line":30,"column":2},"end":{"line":30,"column":25}},"19":{"start":{"line":33,"column":0},"end":{"line":33,"column":31}}},"fnMap":{"0":{"name":"caesarChipher","decl":{"start":{"line":1,"column":9},"end":{"line":1,"column":22}},"loc":{"start":{"line":1,"column":45},"end":{"line":31,"column":1}},"line":1},"1":{"name":"(anonymous_1)","decl":{"start":{"line":3,"column":28},"end":{"line":3,"column":29}},"loc":{"start":{"line":3,"column":38},"end":{"line":29,"column":3}},"line":3}},"branchMap":{"0":{"loc":{"start":{"line":6,"column":4},"end":{"line":26,"column":5}},"type":"if","locations":[{"start":{"line":6,"column":4},"end":{"line":26,"column":5}},{"start":{"line":16,"column":11},"end":{"line":26,"column":5}}],"line":6},"1":{"loc":{"start":{"line":6,"column":7},"end":{"line":6,"column":38}},"type":"binary-expr","locations":[{"start":{"line":6,"column":7},"end":{"line":6,"column":20}},{"start":{"line":6,"column":24},"end":{"line":6,"column":38}}],"line":6},"2":{"loc":{"start":{"line":8,"column":6},"end":{"line":14,"column":7}},"type":"if","locations":[{"start":{"line":8,"column":6},"end":{"line":14,"column":7}},{"start":{"line":11,"column":13},"end":{"line":14,"column":7}}],"line":8},"3":{"loc":{"start":{"line":10,"column":22},"end":{"line":10,"column":71}},"type":"cond-expr","locations":[{"start":{"line":10,"column":41},"end":{"line":10,"column":57}},{"start":{"line":10,"column":60},"end":{"line":10,"column":71}}],"line":10},"4":{"loc":{"start":{"line":13,"column":22},"end":{"line":13,"column":71}},"type":"cond-expr","locations":[{"start":{"line":13,"column":41},"end":{"line":13,"column":57}},{"start":{"line":13,"column":60},"end":{"line":13,"column":71}}],"line":13},"5":{"loc":{"start":{"line":16,"column":11},"end":{"line":26,"column":5}},"type":"if","locations":[{"start":{"line":16,"column":11},"end":{"line":26,"column":5}},{"start":{},"end":{}}],"line":16},"6":{"loc":{"start":{"line":16,"column":14},"end":{"line":16,"column":46}},"type":"binary-expr","locations":[{"start":{"line":16,"column":14},"end":{"line":16,"column":27}},{"start":{"line":16,"column":31},"end":{"line":16,"column":46}}],"line":16},"7":{"loc":{"start":{"line":18,"column":6},"end":{"line":24,"column":7}},"type":"if","locations":[{"start":{"line":18,"column":6},"end":{"line":24,"column":7}},{"start":{"line":21,"column":13},"end":{"line":24,"column":7}}],"line":18},"8":{"loc":{"start":{"line":20,"column":22},"end":{"line":20,"column":72}},"type":"cond-expr","locations":[{"start":{"line":20,"column":42},"end":{"line":20,"column":58}},{"start":{"line":20,"column":61},"end":{"line":20,"column":72}}],"line":20},"9":{"loc":{"start":{"line":23,"column":22},"end":{"line":23,"column":71}},"type":"cond-expr","locations":[{"start":{"line":23,"column":41},"end":{"line":23,"column":57}},{"start":{"line":23,"column":60},"end":{"line":23,"column":71}}],"line":23}},"s":{"0":4,"1":4,"2":88,"3":88,"4":7,"5":5,"6":5,"7":2,"8":2,"9":7,"10":81,"11":59,"12":28,"13":28,"14":31,"15":31,"16":59,"17":22,"18":4,"19":1},"f":{"0":4,"1":88},"b":{"0":[7,81],"1":[88,68],"2":[5,2],"3":[0,5],"4":[0,2],"5":[59,22],"6":[81,59],"7":[28,31],"8":[0,28],"9":[3,28]},"_coverageSchema":"1a1c01bbd47fc00a2c39e90264f33305004495a9","hash":"5b7db29eedf09a3528ad7cb3cdb0f0a7cd40b492"}
}
