TN:
SF:ciphers\atbash.js
FN:1,atbashCipher
FN:3,(anonymous_1)
FNF:2
FNH:2
FNDA:3,atbashCipher
FNDA:47,(anonymous_1)
DA:2,3
DA:3,3
DA:5,47
DA:6,47
DA:8,5
DA:9,5
DA:10,42
DA:12,31
DA:13,31
DA:16,11
DA:18,3
DA:21,1
LF:12
LH:12
BRDA:6,0,0,5
BRDA:6,0,1,42
BRDA:6,1,0,47
BRDA:6,1,1,37
BRDA:10,2,0,31
BRDA:10,2,1,11
BRDA:10,3,0,42
BRDA:10,3,1,31
BRF:8
BRH:8
end_of_record
TN:
SF:ciphers\caesar.js
FN:1,caesarChipher
FN:3,(anonymous_1)
FNF:2
FNH:2
FNDA:4,caesarChipher
FNDA:88,(anonymous_1)
DA:2,4
DA:3,4
DA:5,88
DA:6,88
DA:8,7
DA:9,5
DA:10,5
DA:12,2
DA:13,2
DA:15,7
DA:16,81
DA:18,59
DA:19,28
DA:20,28
DA:22,31
DA:23,31
DA:25,59
DA:28,22
DA:30,4
DA:33,1
LF:20
LH:20
BRDA:6,0,0,7
BRDA:6,0,1,81
BRDA:6,1,0,88
BRDA:6,1,1,68
BRDA:8,2,0,5
BRDA:8,2,1,2
BRDA:10,3,0,0
BRDA:10,3,1,5
BRDA:13,4,0,0
BRDA:13,4,1,2
BRDA:16,5,0,59
BRDA:16,5,1,22
BRDA:16,6,0,81
BRDA:16,6,1,59
BRDA:18,7,0,28
BRDA:18,7,1,31
BRDA:20,8,0,0
BRDA:20,8,1,28
BRDA:23,9,0,3
BRDA:23,9,1,28
BRF:20
BRH:17
end_of_record
